2022-11-15 18:17:57 [restartedMain] INFO  c.deyaniragenao.AffordItApplication - Starting AffordItApplication using Java 17.0.3 on Deyanira-MBP.local with PID 39550 (/Users/deyaniragenao/development/spring-boot-workspace/AffordIt/target/classes started by deyaniragenao in /Users/deyaniragenao/development/spring-boot-workspace/AffordIt)
2022-11-15 18:17:57 [restartedMain] INFO  c.deyaniragenao.AffordItApplication - No active profile set, falling back to 1 default profile: "default"
2022-11-15 18:17:57 [restartedMain] INFO  o.s.b.d.e.DevToolsPropertyDefaultsPostProcessor - Devtools property defaults active! Set 'spring.devtools.add-properties' to 'false' to disable
2022-11-15 18:17:57 [restartedMain] INFO  o.s.b.d.e.DevToolsPropertyDefaultsPostProcessor - For additional web related logging consider setting the 'logging.level.web' property to 'DEBUG'
2022-11-15 18:17:58 [restartedMain] INFO  o.s.d.r.c.RepositoryConfigurationDelegate - Bootstrapping Spring Data JPA repositories in DEFAULT mode.
2022-11-15 18:17:58 [restartedMain] INFO  o.s.d.r.c.RepositoryConfigurationDelegate - Finished Spring Data repository scanning in 63 ms. Found 6 JPA repository interfaces.
2022-11-15 18:17:59 [restartedMain] INFO  o.s.b.w.e.tomcat.TomcatWebServer - Tomcat initialized with port(s): 8080 (http)
2022-11-15 18:17:59 [restartedMain] INFO  o.a.catalina.core.StandardService - Starting service [Tomcat]
2022-11-15 18:17:59 [restartedMain] INFO  o.a.catalina.core.StandardEngine - Starting Servlet engine: [Apache Tomcat/9.0.65]
2022-11-15 18:17:59 [restartedMain] INFO  o.a.c.c.C.[Tomcat].[localhost].[/] - Initializing Spring embedded WebApplicationContext
2022-11-15 18:17:59 [restartedMain] INFO  o.s.b.w.s.c.ServletWebServerApplicationContext - Root WebApplicationContext: initialization completed in 1904 ms
2022-11-15 18:17:59 [restartedMain] INFO  o.h.jpa.internal.util.LogHelper - HHH000204: Processing PersistenceUnitInfo [name: default]
2022-11-15 18:18:00 [restartedMain] INFO  org.hibernate.Version - HHH000412: Hibernate ORM core version 5.6.11.Final
2022-11-15 18:18:00 [restartedMain] INFO  o.h.annotations.common.Version - HCANN000001: Hibernate Commons Annotations {5.1.2.Final}
2022-11-15 18:18:00 [restartedMain] INFO  com.zaxxer.hikari.HikariDataSource - HikariPool-1 - Starting...
2022-11-15 18:18:00 [restartedMain] INFO  com.zaxxer.hikari.HikariDataSource - HikariPool-1 - Start completed.
2022-11-15 18:18:00 [restartedMain] INFO  org.hibernate.dialect.Dialect - HHH000400: Using dialect: org.hibernate.dialect.MariaDBDialect
2022-11-15 18:18:00 [restartedMain] WARN  org.hibernate.id.UUIDHexGenerator - HHH000409: Using org.hibernate.id.UUIDHexGenerator which does not generate IETF RFC 4122 compliant UUID values; consider using org.hibernate.id.UUIDGenerator instead
2022-11-15 18:18:01 [restartedMain] INFO  o.h.e.t.j.p.i.JtaPlatformInitiator - HHH000490: Using JtaPlatform implementation: [org.hibernate.engine.transaction.jta.platform.internal.NoJtaPlatform]
2022-11-15 18:18:01 [restartedMain] INFO  o.s.o.j.LocalContainerEntityManagerFactoryBean - Initialized JPA EntityManagerFactory for persistence unit 'default'
2022-11-15 18:18:02 [restartedMain] INFO  o.s.s.web.DefaultSecurityFilterChain - Will secure any request with [org.springframework.security.web.session.DisableEncodeUrlFilter@784a790c, org.springframework.security.web.context.request.async.WebAsyncManagerIntegrationFilter@6a4909d7, org.springframework.security.web.context.SecurityContextPersistenceFilter@1035d37d, org.springframework.security.web.header.HeaderWriterFilter@7b1e9263, org.springframework.security.web.authentication.logout.LogoutFilter@46cbaf8, org.springframework.security.web.authentication.UsernamePasswordAuthenticationFilter@3cd9a7c9, org.springframework.security.web.savedrequest.RequestCacheAwareFilter@693f737d, org.springframework.security.web.servletapi.SecurityContextHolderAwareRequestFilter@57afeb1c, org.springframework.security.web.authentication.AnonymousAuthenticationFilter@15b8ede8, org.springframework.security.web.session.SessionManagementFilter@8e70f18, org.springframework.security.web.access.ExceptionTranslationFilter@20d5d0f0, org.springframework.security.web.access.intercept.FilterSecurityInterceptor@6396ec35]
2022-11-15 18:18:02 [restartedMain] WARN  o.s.b.a.o.j.JpaBaseConfiguration$JpaWebConfiguration - spring.jpa.open-in-view is enabled by default. Therefore, database queries may be performed during view rendering. Explicitly configure spring.jpa.open-in-view to disable this warning
2022-11-15 18:18:03 [restartedMain] INFO  o.s.b.a.w.s.WelcomePageHandlerMapping - Adding welcome page template: index
2022-11-15 18:18:03 [restartedMain] INFO  o.s.b.d.a.OptionalLiveReloadServer - LiveReload server is running on port 35729
2022-11-15 18:18:03 [restartedMain] INFO  o.s.b.w.e.tomcat.TomcatWebServer - Tomcat started on port(s): 8080 (http) with context path ''
2022-11-15 18:18:03 [restartedMain] INFO  c.deyaniragenao.AffordItApplication - Started AffordItApplication in 6.367 seconds (JVM running for 7.625)
2022-11-15 18:18:25 [http-nio-8080-exec-1] INFO  o.a.c.c.C.[Tomcat].[localhost].[/] - Initializing Spring DispatcherServlet 'dispatcherServlet'
2022-11-15 18:18:25 [http-nio-8080-exec-1] INFO  o.s.web.servlet.DispatcherServlet - Initializing Servlet 'dispatcherServlet'
2022-11-15 18:18:25 [http-nio-8080-exec-1] INFO  o.s.web.servlet.DispatcherServlet - Completed initialization in 1 ms
2022-11-15 18:18:34 [http-nio-8080-exec-2] INFO  c.d.controller.UserController - [Account [id=ff808081847869d60184786bcb2f0001, name=Family, description=Tracking home budget with family , dateCreated=2022-11-14T18:14:01, dateLastUpdated=null]]
2022-11-15 18:18:34 [http-nio-8080-exec-2] INFO  c.d.controller.UserController - Family
2022-11-15 18:19:56 [http-nio-8080-exec-6] INFO  c.d.controller.UserController - [Account [id=ff808081847869d60184786bcb2f0001, name=Family, description=Tracking home budget with family , dateCreated=2022-11-14T18:14:01, dateLastUpdated=null]]
2022-11-15 18:19:56 [http-nio-8080-exec-6] INFO  c.d.controller.UserController - Family
2022-11-15 18:19:58 [http-nio-8080-exec-10] INFO  c.d.controller.UserController - [Account [id=ff808081847869d60184786bcb2f0001, name=Family, description=Tracking home budget with family , dateCreated=2022-11-14T18:14:01, dateLastUpdated=null]]
2022-11-15 18:19:58 [http-nio-8080-exec-10] INFO  c.d.controller.UserController - Family
2022-11-15 18:19:59 [http-nio-8080-exec-2] INFO  c.d.controller.UserController - [Account [id=ff808081847869d60184786bcb2f0001, name=Family, description=Tracking home budget with family , dateCreated=2022-11-14T18:14:01, dateLastUpdated=null]]
2022-11-15 18:19:59 [http-nio-8080-exec-2] INFO  c.d.controller.UserController - Family
2022-11-15 18:20:01 [http-nio-8080-exec-3] WARN  o.s.w.s.m.s.DefaultHandlerExceptionResolver - Resolved [org.springframework.http.converter.HttpMessageNotReadableException: Required request body is missing: public java.lang.String com.deyaniragenao.controller.UserController.switchAccountView(java.lang.String,org.springframework.ui.Model)]
2022-11-15 18:20:54 [http-nio-8080-exec-1] INFO  c.d.controller.UserController - [Account [id=ff808081847869d60184786bcb2f0001, name=Family, description=Tracking home budget with family , dateCreated=2022-11-14T18:14:01, dateLastUpdated=null]]
2022-11-15 18:20:54 [http-nio-8080-exec-1] INFO  c.d.controller.UserController - Family
2022-11-15 18:22:35 [http-nio-8080-exec-1] INFO  c.d.controller.UserController - [Account [id=ff808081847869d60184786bcb2f0001, name=Family, description=Tracking home budget with family , dateCreated=2022-11-14T18:14:01, dateLastUpdated=null]]
2022-11-15 18:22:35 [http-nio-8080-exec-1] INFO  c.d.controller.UserController - Family
2022-11-15 18:22:41 [http-nio-8080-exec-7] WARN  o.s.w.s.m.s.DefaultHandlerExceptionResolver - Resolved [org.springframework.http.converter.HttpMessageNotReadableException: Required request body is missing: public java.lang.String com.deyaniragenao.controller.UserController.switchAccountView(java.lang.String,org.springframework.ui.Model)]
2022-11-15 18:23:08 [File Watcher] INFO  o.s.b.d.a.LocalDevToolsAutoConfiguration$RestartingClassPathChangeChangedEventListener - Restarting due to 3 class path changes (1 addition, 0 deletions, 2 modifications)
2022-11-15 18:23:08 [Thread-5] INFO  o.a.catalina.core.StandardService - Stopping service [Tomcat]
2022-11-15 18:23:08 [Thread-5] INFO  o.a.c.c.C.[Tomcat].[localhost].[/] - Destroying Spring FrameworkServlet 'dispatcherServlet'
2022-11-15 18:23:08 [Thread-5] INFO  o.s.o.j.LocalContainerEntityManagerFactoryBean - Closing JPA EntityManagerFactory for persistence unit 'default'
2022-11-15 18:23:08 [Thread-5] INFO  com.zaxxer.hikari.HikariDataSource - HikariPool-1 - Shutdown initiated...
2022-11-15 18:23:08 [Thread-5] INFO  com.zaxxer.hikari.HikariDataSource - HikariPool-1 - Shutdown completed.
2022-11-15 18:23:09 [restartedMain] INFO  c.deyaniragenao.AffordItApplication - Starting AffordItApplication using Java 17.0.3 on Deyanira-MBP.local with PID 39550 (/Users/deyaniragenao/development/spring-boot-workspace/AffordIt/target/classes started by deyaniragenao in /Users/deyaniragenao/development/spring-boot-workspace/AffordIt)
2022-11-15 18:23:09 [restartedMain] INFO  c.deyaniragenao.AffordItApplication - No active profile set, falling back to 1 default profile: "default"
2022-11-15 18:23:09 [restartedMain] INFO  o.s.d.r.c.RepositoryConfigurationDelegate - Bootstrapping Spring Data JPA repositories in DEFAULT mode.
2022-11-15 18:23:09 [restartedMain] INFO  o.s.d.r.c.RepositoryConfigurationDelegate - Finished Spring Data repository scanning in 23 ms. Found 6 JPA repository interfaces.
2022-11-15 18:23:09 [restartedMain] INFO  o.s.b.w.e.tomcat.TomcatWebServer - Tomcat initialized with port(s): 8080 (http)
2022-11-15 18:23:09 [restartedMain] INFO  o.a.catalina.core.StandardService - Starting service [Tomcat]
2022-11-15 18:23:09 [restartedMain] INFO  o.a.catalina.core.StandardEngine - Starting Servlet engine: [Apache Tomcat/9.0.65]
2022-11-15 18:23:09 [restartedMain] INFO  o.a.c.c.C.[Tomcat].[localhost].[/] - Initializing Spring embedded WebApplicationContext
2022-11-15 18:23:09 [restartedMain] INFO  o.s.b.w.s.c.ServletWebServerApplicationContext - Root WebApplicationContext: initialization completed in 452 ms
2022-11-15 18:23:09 [restartedMain] INFO  o.h.jpa.internal.util.LogHelper - HHH000204: Processing PersistenceUnitInfo [name: default]
2022-11-15 18:23:09 [restartedMain] INFO  com.zaxxer.hikari.HikariDataSource - HikariPool-2 - Starting...
2022-11-15 18:23:09 [restartedMain] INFO  com.zaxxer.hikari.HikariDataSource - HikariPool-2 - Start completed.
2022-11-15 18:23:09 [restartedMain] INFO  org.hibernate.dialect.Dialect - HHH000400: Using dialect: org.hibernate.dialect.MariaDBDialect
2022-11-15 18:23:09 [restartedMain] INFO  o.h.e.t.j.p.i.JtaPlatformInitiator - HHH000490: Using JtaPlatform implementation: [org.hibernate.engine.transaction.jta.platform.internal.NoJtaPlatform]
2022-11-15 18:23:09 [restartedMain] INFO  o.s.o.j.LocalContainerEntityManagerFactoryBean - Initialized JPA EntityManagerFactory for persistence unit 'default'
2022-11-15 18:23:10 [restartedMain] INFO  o.s.s.web.DefaultSecurityFilterChain - Will secure any request with [org.springframework.security.web.session.DisableEncodeUrlFilter@a0b643a, org.springframework.security.web.context.request.async.WebAsyncManagerIntegrationFilter@62db0168, org.springframework.security.web.context.SecurityContextPersistenceFilter@4b010cd, org.springframework.security.web.header.HeaderWriterFilter@13d1e2ca, org.springframework.security.web.authentication.logout.LogoutFilter@85be2c0, org.springframework.security.web.authentication.UsernamePasswordAuthenticationFilter@3f272ab4, org.springframework.security.web.savedrequest.RequestCacheAwareFilter@3109115f, org.springframework.security.web.servletapi.SecurityContextHolderAwareRequestFilter@2d526206, org.springframework.security.web.authentication.AnonymousAuthenticationFilter@6294a490, org.springframework.security.web.session.SessionManagementFilter@561ee084, org.springframework.security.web.access.ExceptionTranslationFilter@33a0c589, org.springframework.security.web.access.intercept.FilterSecurityInterceptor@4e39ded5]
2022-11-15 18:23:10 [restartedMain] WARN  o.s.b.a.o.j.JpaBaseConfiguration$JpaWebConfiguration - spring.jpa.open-in-view is enabled by default. Therefore, database queries may be performed during view rendering. Explicitly configure spring.jpa.open-in-view to disable this warning
2022-11-15 18:23:10 [restartedMain] INFO  o.s.b.a.w.s.WelcomePageHandlerMapping - Adding welcome page template: index
2022-11-15 18:23:10 [restartedMain] INFO  o.s.b.d.a.OptionalLiveReloadServer - LiveReload server is running on port 35729
2022-11-15 18:23:10 [restartedMain] INFO  o.s.b.w.e.tomcat.TomcatWebServer - Tomcat started on port(s): 8080 (http) with context path ''
2022-11-15 18:23:10 [restartedMain] INFO  c.deyaniragenao.AffordItApplication - Started AffordItApplication in 1.507 seconds (JVM running for 314.419)
2022-11-15 18:23:10 [restartedMain] INFO  o.s.b.d.a.ConditionEvaluationDeltaLoggingListener - Condition evaluation unchanged
2022-11-15 18:23:13 [http-nio-8080-exec-1] INFO  o.a.c.c.C.[Tomcat].[localhost].[/] - Initializing Spring DispatcherServlet 'dispatcherServlet'
2022-11-15 18:23:13 [http-nio-8080-exec-1] INFO  o.s.web.servlet.DispatcherServlet - Initializing Servlet 'dispatcherServlet'
2022-11-15 18:23:13 [http-nio-8080-exec-1] INFO  o.s.web.servlet.DispatcherServlet - Completed initialization in 2 ms
2022-11-15 18:23:13 [http-nio-8080-exec-1] INFO  c.d.controller.UserController - [Account [id=ff808081847869d60184786bcb2f0001, name=Family, description=Tracking home budget with family , dateCreated=2022-11-14T18:14:01, dateLastUpdated=null]]
2022-11-15 18:23:13 [http-nio-8080-exec-1] INFO  c.d.controller.UserController - Family
2022-11-15 18:23:15 [http-nio-8080-exec-5] INFO  c.d.controller.UserController - [Account [id=ff808081847869d60184786bcb2f0001, name=Family, description=Tracking home budget with family , dateCreated=2022-11-14T18:14:01, dateLastUpdated=null]]
2022-11-15 18:23:15 [http-nio-8080-exec-5] INFO  c.d.controller.UserController - Family
2022-11-15 18:23:20 [http-nio-8080-exec-9] INFO  c.d.controller.UserController - ff808081847869d60184786bcb2f0001
2022-11-15 18:25:09 [File Watcher] INFO  o.s.b.d.a.LocalDevToolsAutoConfiguration$RestartingClassPathChangeChangedEventListener - Restarting due to 2 class path changes (0 additions, 0 deletions, 2 modifications)
2022-11-15 18:25:09 [Thread-7] INFO  o.a.catalina.core.StandardService - Stopping service [Tomcat]
2022-11-15 18:25:09 [Thread-7] INFO  o.a.c.c.C.[Tomcat].[localhost].[/] - Destroying Spring FrameworkServlet 'dispatcherServlet'
2022-11-15 18:25:09 [Thread-7] INFO  o.s.o.j.LocalContainerEntityManagerFactoryBean - Closing JPA EntityManagerFactory for persistence unit 'default'
2022-11-15 18:25:09 [Thread-7] INFO  com.zaxxer.hikari.HikariDataSource - HikariPool-2 - Shutdown initiated...
2022-11-15 18:25:09 [Thread-7] INFO  com.zaxxer.hikari.HikariDataSource - HikariPool-2 - Shutdown completed.
2022-11-15 18:25:10 [restartedMain] INFO  c.deyaniragenao.AffordItApplication - Starting AffordItApplication using Java 17.0.3 on Deyanira-MBP.local with PID 39550 (/Users/deyaniragenao/development/spring-boot-workspace/AffordIt/target/classes started by deyaniragenao in /Users/deyaniragenao/development/spring-boot-workspace/AffordIt)
2022-11-15 18:25:10 [restartedMain] INFO  c.deyaniragenao.AffordItApplication - No active profile set, falling back to 1 default profile: "default"
2022-11-15 18:25:10 [restartedMain] INFO  o.s.d.r.c.RepositoryConfigurationDelegate - Bootstrapping Spring Data JPA repositories in DEFAULT mode.
2022-11-15 18:25:10 [restartedMain] INFO  o.s.d.r.c.RepositoryConfigurationDelegate - Finished Spring Data repository scanning in 18 ms. Found 6 JPA repository interfaces.
2022-11-15 18:25:10 [restartedMain] INFO  o.s.b.w.e.tomcat.TomcatWebServer - Tomcat initialized with port(s): 8080 (http)
2022-11-15 18:25:10 [restartedMain] INFO  o.a.catalina.core.StandardService - Starting service [Tomcat]
2022-11-15 18:25:10 [restartedMain] INFO  o.a.catalina.core.StandardEngine - Starting Servlet engine: [Apache Tomcat/9.0.65]
2022-11-15 18:25:10 [restartedMain] INFO  o.a.c.c.C.[Tomcat].[localhost].[/] - Initializing Spring embedded WebApplicationContext
2022-11-15 18:25:10 [restartedMain] INFO  o.s.b.w.s.c.ServletWebServerApplicationContext - Root WebApplicationContext: initialization completed in 392 ms
2022-11-15 18:25:10 [restartedMain] INFO  o.h.jpa.internal.util.LogHelper - HHH000204: Processing PersistenceUnitInfo [name: default]
2022-11-15 18:25:10 [restartedMain] INFO  com.zaxxer.hikari.HikariDataSource - HikariPool-3 - Starting...
2022-11-15 18:25:10 [restartedMain] INFO  com.zaxxer.hikari.HikariDataSource - HikariPool-3 - Start completed.
2022-11-15 18:25:10 [restartedMain] INFO  org.hibernate.dialect.Dialect - HHH000400: Using dialect: org.hibernate.dialect.MariaDBDialect
2022-11-15 18:25:10 [restartedMain] INFO  o.h.e.t.j.p.i.JtaPlatformInitiator - HHH000490: Using JtaPlatform implementation: [org.hibernate.engine.transaction.jta.platform.internal.NoJtaPlatform]
2022-11-15 18:25:10 [restartedMain] INFO  o.s.o.j.LocalContainerEntityManagerFactoryBean - Initialized JPA EntityManagerFactory for persistence unit 'default'
2022-11-15 18:25:11 [restartedMain] INFO  o.s.s.web.DefaultSecurityFilterChain - Will secure any request with [org.springframework.security.web.session.DisableEncodeUrlFilter@6c11854b, org.springframework.security.web.context.request.async.WebAsyncManagerIntegrationFilter@bc17e99, org.springframework.security.web.context.SecurityContextPersistenceFilter@5ce0746c, org.springframework.security.web.header.HeaderWriterFilter@71dc7e8, org.springframework.security.web.authentication.logout.LogoutFilter@7fc6ab34, org.springframework.security.web.authentication.UsernamePasswordAuthenticationFilter@2d331704, org.springframework.security.web.savedrequest.RequestCacheAwareFilter@48f924ba, org.springframework.security.web.servletapi.SecurityContextHolderAwareRequestFilter@21b298ca, org.springframework.security.web.authentication.AnonymousAuthenticationFilter@7b7d2680, org.springframework.security.web.session.SessionManagementFilter@20042da6, org.springframework.security.web.access.ExceptionTranslationFilter@7d3d260c, org.springframework.security.web.access.intercept.FilterSecurityInterceptor@6de3a5e4]
2022-11-15 18:25:11 [restartedMain] WARN  o.s.b.a.o.j.JpaBaseConfiguration$JpaWebConfiguration - spring.jpa.open-in-view is enabled by default. Therefore, database queries may be performed during view rendering. Explicitly configure spring.jpa.open-in-view to disable this warning
2022-11-15 18:25:11 [restartedMain] INFO  o.s.b.a.w.s.WelcomePageHandlerMapping - Adding welcome page template: index
2022-11-15 18:25:11 [restartedMain] INFO  o.s.b.d.a.OptionalLiveReloadServer - LiveReload server is running on port 35729
2022-11-15 18:25:11 [restartedMain] INFO  o.s.b.w.e.tomcat.TomcatWebServer - Tomcat started on port(s): 8080 (http) with context path ''
2022-11-15 18:25:11 [restartedMain] INFO  c.deyaniragenao.AffordItApplication - Started AffordItApplication in 1.228 seconds (JVM running for 435.313)
2022-11-15 18:25:11 [restartedMain] INFO  o.s.b.d.a.ConditionEvaluationDeltaLoggingListener - Condition evaluation unchanged
2022-11-15 18:25:13 [http-nio-8080-exec-1] INFO  o.a.c.c.C.[Tomcat].[localhost].[/] - Initializing Spring DispatcherServlet 'dispatcherServlet'
2022-11-15 18:25:13 [http-nio-8080-exec-1] INFO  o.s.web.servlet.DispatcherServlet - Initializing Servlet 'dispatcherServlet'
2022-11-15 18:25:13 [http-nio-8080-exec-1] INFO  o.s.web.servlet.DispatcherServlet - Completed initialization in 2 ms
2022-11-15 18:25:13 [http-nio-8080-exec-1] INFO  c.d.controller.UserController - [Account [id=ff808081847869d60184786bcb2f0001, name=Family, description=Tracking home budget with family , dateCreated=2022-11-14T18:14:01, dateLastUpdated=null]]
2022-11-15 18:25:13 [http-nio-8080-exec-1] INFO  c.d.controller.UserController - Family
2022-11-15 18:25:25 [http-nio-8080-exec-5] WARN  o.s.w.s.m.s.DefaultHandlerExceptionResolver - Resolved [org.springframework.web.bind.MissingServletRequestParameterException: Required request parameter 'accountChoice' for method parameter type String is not present]
2022-11-15 18:26:14 [File Watcher] INFO  o.s.b.d.a.LocalDevToolsAutoConfiguration$RestartingClassPathChangeChangedEventListener - Restarting due to 2 class path changes (0 additions, 0 deletions, 2 modifications)
2022-11-15 18:26:14 [Thread-11] INFO  o.a.catalina.core.StandardService - Stopping service [Tomcat]
2022-11-15 18:26:14 [Thread-11] INFO  o.a.c.c.C.[Tomcat].[localhost].[/] - Destroying Spring FrameworkServlet 'dispatcherServlet'
2022-11-15 18:26:14 [Thread-11] INFO  o.s.o.j.LocalContainerEntityManagerFactoryBean - Closing JPA EntityManagerFactory for persistence unit 'default'
2022-11-15 18:26:14 [Thread-11] INFO  com.zaxxer.hikari.HikariDataSource - HikariPool-3 - Shutdown initiated...
2022-11-15 18:26:14 [Thread-11] INFO  com.zaxxer.hikari.HikariDataSource - HikariPool-3 - Shutdown completed.
2022-11-15 18:26:14 [restartedMain] INFO  c.deyaniragenao.AffordItApplication - Starting AffordItApplication using Java 17.0.3 on Deyanira-MBP.local with PID 39550 (/Users/deyaniragenao/development/spring-boot-workspace/AffordIt/target/classes started by deyaniragenao in /Users/deyaniragenao/development/spring-boot-workspace/AffordIt)
2022-11-15 18:26:14 [restartedMain] INFO  c.deyaniragenao.AffordItApplication - No active profile set, falling back to 1 default profile: "default"
2022-11-15 18:26:14 [restartedMain] INFO  o.s.d.r.c.RepositoryConfigurationDelegate - Bootstrapping Spring Data JPA repositories in DEFAULT mode.
2022-11-15 18:26:14 [restartedMain] INFO  o.s.d.r.c.RepositoryConfigurationDelegate - Finished Spring Data repository scanning in 15 ms. Found 6 JPA repository interfaces.
2022-11-15 18:26:14 [restartedMain] INFO  o.s.b.w.e.tomcat.TomcatWebServer - Tomcat initialized with port(s): 8080 (http)
2022-11-15 18:26:14 [restartedMain] INFO  o.a.catalina.core.StandardService - Starting service [Tomcat]
2022-11-15 18:26:14 [restartedMain] INFO  o.a.catalina.core.StandardEngine - Starting Servlet engine: [Apache Tomcat/9.0.65]
2022-11-15 18:26:14 [restartedMain] INFO  o.a.c.c.C.[Tomcat].[localhost].[/] - Initializing Spring embedded WebApplicationContext
2022-11-15 18:26:14 [restartedMain] INFO  o.s.b.w.s.c.ServletWebServerApplicationContext - Root WebApplicationContext: initialization completed in 295 ms
2022-11-15 18:26:14 [restartedMain] INFO  o.h.jpa.internal.util.LogHelper - HHH000204: Processing PersistenceUnitInfo [name: default]
2022-11-15 18:26:14 [restartedMain] INFO  com.zaxxer.hikari.HikariDataSource - HikariPool-4 - Starting...
2022-11-15 18:26:14 [restartedMain] INFO  com.zaxxer.hikari.HikariDataSource - HikariPool-4 - Start completed.
2022-11-15 18:26:14 [restartedMain] INFO  org.hibernate.dialect.Dialect - HHH000400: Using dialect: org.hibernate.dialect.MariaDBDialect
2022-11-15 18:26:14 [restartedMain] INFO  o.h.e.t.j.p.i.JtaPlatformInitiator - HHH000490: Using JtaPlatform implementation: [org.hibernate.engine.transaction.jta.platform.internal.NoJtaPlatform]
2022-11-15 18:26:14 [restartedMain] INFO  o.s.o.j.LocalContainerEntityManagerFactoryBean - Initialized JPA EntityManagerFactory for persistence unit 'default'
2022-11-15 18:26:15 [restartedMain] INFO  o.s.s.web.DefaultSecurityFilterChain - Will secure any request with [org.springframework.security.web.session.DisableEncodeUrlFilter@254ab0fa, org.springframework.security.web.context.request.async.WebAsyncManagerIntegrationFilter@2180876d, org.springframework.security.web.context.SecurityContextPersistenceFilter@416c3f22, org.springframework.security.web.header.HeaderWriterFilter@1f177b1c, org.springframework.security.web.authentication.logout.LogoutFilter@4810efd, org.springframework.security.web.authentication.UsernamePasswordAuthenticationFilter@55e85ffe, org.springframework.security.web.savedrequest.RequestCacheAwareFilter@3ec796e0, org.springframework.security.web.servletapi.SecurityContextHolderAwareRequestFilter@1aacc5bf, org.springframework.security.web.authentication.AnonymousAuthenticationFilter@4e44ec9c, org.springframework.security.web.session.SessionManagementFilter@3b20a0dc, org.springframework.security.web.access.ExceptionTranslationFilter@3af8a59a, org.springframework.security.web.access.intercept.FilterSecurityInterceptor@30cbec05]
2022-11-15 18:26:15 [restartedMain] WARN  o.s.b.a.o.j.JpaBaseConfiguration$JpaWebConfiguration - spring.jpa.open-in-view is enabled by default. Therefore, database queries may be performed during view rendering. Explicitly configure spring.jpa.open-in-view to disable this warning
2022-11-15 18:26:15 [restartedMain] INFO  o.s.b.a.w.s.WelcomePageHandlerMapping - Adding welcome page template: index
2022-11-15 18:26:15 [restartedMain] INFO  o.s.b.d.a.OptionalLiveReloadServer - LiveReload server is running on port 35729
2022-11-15 18:26:15 [restartedMain] INFO  o.s.b.w.e.tomcat.TomcatWebServer - Tomcat started on port(s): 8080 (http) with context path ''
2022-11-15 18:26:15 [restartedMain] INFO  c.deyaniragenao.AffordItApplication - Started AffordItApplication in 0.876 seconds (JVM running for 499.221)
2022-11-15 18:26:15 [restartedMain] INFO  o.s.b.d.a.ConditionEvaluationDeltaLoggingListener - Condition evaluation unchanged
2022-11-15 18:26:18 [http-nio-8080-exec-1] INFO  o.a.c.c.C.[Tomcat].[localhost].[/] - Initializing Spring DispatcherServlet 'dispatcherServlet'
2022-11-15 18:26:18 [http-nio-8080-exec-1] INFO  o.s.web.servlet.DispatcherServlet - Initializing Servlet 'dispatcherServlet'
2022-11-15 18:26:18 [http-nio-8080-exec-1] INFO  o.s.web.servlet.DispatcherServlet - Completed initialization in 2 ms
2022-11-15 18:26:18 [http-nio-8080-exec-1] INFO  c.d.controller.UserController - [Account [id=ff808081847869d60184786bcb2f0001, name=Family, description=Tracking home budget with family , dateCreated=2022-11-14T18:14:01, dateLastUpdated=null]]
2022-11-15 18:26:18 [http-nio-8080-exec-1] INFO  c.d.controller.UserController - Family
2022-11-15 18:26:20 [http-nio-8080-exec-5] INFO  c.d.controller.UserController - [Account [id=ff808081847869d60184786bcb2f0001, name=Family, description=Tracking home budget with family , dateCreated=2022-11-14T18:14:01, dateLastUpdated=null]]
2022-11-15 18:26:20 [http-nio-8080-exec-5] INFO  c.d.controller.UserController - Family
2022-11-15 18:26:23 [http-nio-8080-exec-9] INFO  c.d.controller.UserController - new-acc
2022-11-15 18:27:31 [File Watcher] INFO  o.s.b.d.a.LocalDevToolsAutoConfiguration$RestartingClassPathChangeChangedEventListener - Restarting due to 2 class path changes (0 additions, 0 deletions, 2 modifications)
2022-11-15 18:27:31 [Thread-15] INFO  o.a.catalina.core.StandardService - Stopping service [Tomcat]
2022-11-15 18:27:31 [Thread-15] INFO  o.a.c.c.C.[Tomcat].[localhost].[/] - Destroying Spring FrameworkServlet 'dispatcherServlet'
2022-11-15 18:27:31 [Thread-15] INFO  o.s.o.j.LocalContainerEntityManagerFactoryBean - Closing JPA EntityManagerFactory for persistence unit 'default'
2022-11-15 18:27:31 [Thread-15] INFO  com.zaxxer.hikari.HikariDataSource - HikariPool-4 - Shutdown initiated...
2022-11-15 18:27:31 [Thread-15] INFO  com.zaxxer.hikari.HikariDataSource - HikariPool-4 - Shutdown completed.
2022-11-15 18:27:31 [restartedMain] INFO  c.deyaniragenao.AffordItApplication - Starting AffordItApplication using Java 17.0.3 on Deyanira-MBP.local with PID 39550 (/Users/deyaniragenao/development/spring-boot-workspace/AffordIt/target/classes started by deyaniragenao in /Users/deyaniragenao/development/spring-boot-workspace/AffordIt)
2022-11-15 18:27:31 [restartedMain] INFO  c.deyaniragenao.AffordItApplication - No active profile set, falling back to 1 default profile: "default"
2022-11-15 18:27:31 [restartedMain] INFO  o.s.d.r.c.RepositoryConfigurationDelegate - Bootstrapping Spring Data JPA repositories in DEFAULT mode.
2022-11-15 18:27:31 [restartedMain] INFO  o.s.d.r.c.RepositoryConfigurationDelegate - Finished Spring Data repository scanning in 15 ms. Found 6 JPA repository interfaces.
2022-11-15 18:27:31 [restartedMain] INFO  o.s.b.w.e.tomcat.TomcatWebServer - Tomcat initialized with port(s): 8080 (http)
2022-11-15 18:27:31 [restartedMain] INFO  o.a.catalina.core.StandardService - Starting service [Tomcat]
2022-11-15 18:27:31 [restartedMain] INFO  o.a.catalina.core.StandardEngine - Starting Servlet engine: [Apache Tomcat/9.0.65]
2022-11-15 18:27:31 [restartedMain] INFO  o.a.c.c.C.[Tomcat].[localhost].[/] - Initializing Spring embedded WebApplicationContext
2022-11-15 18:27:31 [restartedMain] INFO  o.s.b.w.s.c.ServletWebServerApplicationContext - Root WebApplicationContext: initialization completed in 287 ms
2022-11-15 18:27:32 [restartedMain] INFO  o.h.jpa.internal.util.LogHelper - HHH000204: Processing PersistenceUnitInfo [name: default]
2022-11-15 18:27:32 [restartedMain] INFO  com.zaxxer.hikari.HikariDataSource - HikariPool-5 - Starting...
2022-11-15 18:27:32 [restartedMain] INFO  com.zaxxer.hikari.HikariDataSource - HikariPool-5 - Start completed.
2022-11-15 18:27:32 [restartedMain] INFO  org.hibernate.dialect.Dialect - HHH000400: Using dialect: org.hibernate.dialect.MariaDBDialect
2022-11-15 18:27:32 [restartedMain] INFO  o.h.e.t.j.p.i.JtaPlatformInitiator - HHH000490: Using JtaPlatform implementation: [org.hibernate.engine.transaction.jta.platform.internal.NoJtaPlatform]
2022-11-15 18:27:32 [restartedMain] INFO  o.s.o.j.LocalContainerEntityManagerFactoryBean - Initialized JPA EntityManagerFactory for persistence unit 'default'
2022-11-15 18:27:32 [restartedMain] INFO  o.s.s.web.DefaultSecurityFilterChain - Will secure any request with [org.springframework.security.web.session.DisableEncodeUrlFilter@2be3da9, org.springframework.security.web.context.request.async.WebAsyncManagerIntegrationFilter@6988ef2f, org.springframework.security.web.context.SecurityContextPersistenceFilter@5561da93, org.springframework.security.web.header.HeaderWriterFilter@4b500878, org.springframework.security.web.authentication.logout.LogoutFilter@78bbe70, org.springframework.security.web.authentication.UsernamePasswordAuthenticationFilter@2d32d14b, org.springframework.security.web.savedrequest.RequestCacheAwareFilter@2f5f72bf, org.springframework.security.web.servletapi.SecurityContextHolderAwareRequestFilter@6487ace4, org.springframework.security.web.authentication.AnonymousAuthenticationFilter@6404c213, org.springframework.security.web.session.SessionManagementFilter@71593061, org.springframework.security.web.access.ExceptionTranslationFilter@44f7d666, org.springframework.security.web.access.intercept.FilterSecurityInterceptor@4b88d13c]
2022-11-15 18:27:32 [restartedMain] WARN  o.s.b.a.o.j.JpaBaseConfiguration$JpaWebConfiguration - spring.jpa.open-in-view is enabled by default. Therefore, database queries may be performed during view rendering. Explicitly configure spring.jpa.open-in-view to disable this warning
2022-11-15 18:27:32 [restartedMain] INFO  o.s.b.a.w.s.WelcomePageHandlerMapping - Adding welcome page template: index
2022-11-15 18:27:32 [restartedMain] INFO  o.s.b.d.a.OptionalLiveReloadServer - LiveReload server is running on port 35729
2022-11-15 18:27:32 [restartedMain] INFO  o.s.b.w.e.tomcat.TomcatWebServer - Tomcat started on port(s): 8080 (http) with context path ''
2022-11-15 18:27:32 [restartedMain] INFO  c.deyaniragenao.AffordItApplication - Started AffordItApplication in 1.003 seconds (JVM running for 576.454)
2022-11-15 18:27:32 [restartedMain] INFO  o.s.b.d.a.ConditionEvaluationDeltaLoggingListener - Condition evaluation unchanged
2022-11-15 18:27:35 [http-nio-8080-exec-1] INFO  o.a.c.c.C.[Tomcat].[localhost].[/] - Initializing Spring DispatcherServlet 'dispatcherServlet'
2022-11-15 18:27:35 [http-nio-8080-exec-1] INFO  o.s.web.servlet.DispatcherServlet - Initializing Servlet 'dispatcherServlet'
2022-11-15 18:27:35 [http-nio-8080-exec-1] INFO  o.s.web.servlet.DispatcherServlet - Completed initialization in 2 ms
2022-11-15 18:27:35 [http-nio-8080-exec-1] INFO  c.d.controller.UserController - [Account [id=ff808081847869d60184786bcb2f0001, name=Family, description=Tracking home budget with family , dateCreated=2022-11-14T18:14:01, dateLastUpdated=null]]
2022-11-15 18:27:35 [http-nio-8080-exec-1] INFO  c.d.controller.UserController - Family
2022-11-15 18:27:42 [http-nio-8080-exec-5] INFO  c.d.controller.UserController - new-acc
2022-11-15 18:28:11 [http-nio-8080-exec-1] INFO  c.d.controller.UserController - [Account [id=ff808081847d95cf01847d9f1f590000, name=Boys Trip, description=Planning for the upcoming boys trip in Jan 2023, dateCreated=2022-11-15T18:28:11.055747, dateLastUpdated=null], Account [id=ff808081847869d60184786bcb2f0001, name=Family, description=Tracking home budget with family , dateCreated=2022-11-14T18:14:01, dateLastUpdated=null]]
2022-11-15 18:28:11 [http-nio-8080-exec-1] INFO  c.d.controller.UserController - Boys Trip
2022-11-15 18:28:25 [http-nio-8080-exec-5] INFO  c.d.controller.UserController - ff808081847869d60184786bcb2f0001
2022-11-15 18:33:36 [File Watcher] INFO  o.s.b.d.a.LocalDevToolsAutoConfiguration$RestartingClassPathChangeChangedEventListener - Restarting due to 2 class path changes (0 additions, 0 deletions, 2 modifications)
2022-11-15 18:33:36 [Thread-19] INFO  o.a.catalina.core.StandardService - Stopping service [Tomcat]
2022-11-15 18:33:36 [Thread-19] INFO  o.a.c.c.C.[Tomcat].[localhost].[/] - Destroying Spring FrameworkServlet 'dispatcherServlet'
2022-11-15 18:33:36 [Thread-19] INFO  o.s.o.j.LocalContainerEntityManagerFactoryBean - Closing JPA EntityManagerFactory for persistence unit 'default'
2022-11-15 18:33:36 [Thread-19] INFO  com.zaxxer.hikari.HikariDataSource - HikariPool-5 - Shutdown initiated...
2022-11-15 18:33:36 [Thread-19] INFO  com.zaxxer.hikari.HikariDataSource - HikariPool-5 - Shutdown completed.
2022-11-15 18:33:36 [restartedMain] INFO  c.deyaniragenao.AffordItApplication - Starting AffordItApplication using Java 17.0.3 on Deyanira-MBP.local with PID 39550 (/Users/deyaniragenao/development/spring-boot-workspace/AffordIt/target/classes started by deyaniragenao in /Users/deyaniragenao/development/spring-boot-workspace/AffordIt)
2022-11-15 18:33:36 [restartedMain] INFO  c.deyaniragenao.AffordItApplication - No active profile set, falling back to 1 default profile: "default"
2022-11-15 18:33:36 [restartedMain] INFO  o.s.d.r.c.RepositoryConfigurationDelegate - Bootstrapping Spring Data JPA repositories in DEFAULT mode.
2022-11-15 18:33:36 [restartedMain] INFO  o.s.d.r.c.RepositoryConfigurationDelegate - Finished Spring Data repository scanning in 13 ms. Found 6 JPA repository interfaces.
2022-11-15 18:33:36 [restartedMain] INFO  o.s.b.w.e.tomcat.TomcatWebServer - Tomcat initialized with port(s): 8080 (http)
2022-11-15 18:33:36 [restartedMain] INFO  o.a.catalina.core.StandardService - Starting service [Tomcat]
2022-11-15 18:33:36 [restartedMain] INFO  o.a.catalina.core.StandardEngine - Starting Servlet engine: [Apache Tomcat/9.0.65]
2022-11-15 18:33:36 [restartedMain] INFO  o.a.c.c.C.[Tomcat].[localhost].[/] - Initializing Spring embedded WebApplicationContext
2022-11-15 18:33:36 [restartedMain] INFO  o.s.b.w.s.c.ServletWebServerApplicationContext - Root WebApplicationContext: initialization completed in 301 ms
2022-11-15 18:33:36 [restartedMain] INFO  o.h.jpa.internal.util.LogHelper - HHH000204: Processing PersistenceUnitInfo [name: default]
2022-11-15 18:33:36 [restartedMain] INFO  com.zaxxer.hikari.HikariDataSource - HikariPool-6 - Starting...
2022-11-15 18:33:36 [restartedMain] INFO  com.zaxxer.hikari.HikariDataSource - HikariPool-6 - Start completed.
2022-11-15 18:33:36 [restartedMain] INFO  org.hibernate.dialect.Dialect - HHH000400: Using dialect: org.hibernate.dialect.MariaDBDialect
2022-11-15 18:33:37 [restartedMain] INFO  o.h.e.t.j.p.i.JtaPlatformInitiator - HHH000490: Using JtaPlatform implementation: [org.hibernate.engine.transaction.jta.platform.internal.NoJtaPlatform]
2022-11-15 18:33:37 [restartedMain] INFO  o.s.o.j.LocalContainerEntityManagerFactoryBean - Initialized JPA EntityManagerFactory for persistence unit 'default'
2022-11-15 18:33:37 [restartedMain] INFO  o.s.s.web.DefaultSecurityFilterChain - Will secure any request with [org.springframework.security.web.session.DisableEncodeUrlFilter@34aeb9b1, org.springframework.security.web.context.request.async.WebAsyncManagerIntegrationFilter@37762f8c, org.springframework.security.web.context.SecurityContextPersistenceFilter@19d1769f, org.springframework.security.web.header.HeaderWriterFilter@76be88c5, org.springframework.security.web.authentication.logout.LogoutFilter@46013517, org.springframework.security.web.authentication.UsernamePasswordAuthenticationFilter@7b944e15, org.springframework.security.web.savedrequest.RequestCacheAwareFilter@249d0d13, org.springframework.security.web.servletapi.SecurityContextHolderAwareRequestFilter@26e751e5, org.springframework.security.web.authentication.AnonymousAuthenticationFilter@5853958f, org.springframework.security.web.session.SessionManagementFilter@7d31ea43, org.springframework.security.web.access.ExceptionTranslationFilter@7af8e12f, org.springframework.security.web.access.intercept.FilterSecurityInterceptor@3ababe0b]
2022-11-15 18:33:37 [restartedMain] WARN  o.s.b.a.o.j.JpaBaseConfiguration$JpaWebConfiguration - spring.jpa.open-in-view is enabled by default. Therefore, database queries may be performed during view rendering. Explicitly configure spring.jpa.open-in-view to disable this warning
2022-11-15 18:33:37 [restartedMain] INFO  o.s.b.a.w.s.WelcomePageHandlerMapping - Adding welcome page template: index
2022-11-15 18:33:37 [restartedMain] INFO  o.s.b.d.a.OptionalLiveReloadServer - LiveReload server is running on port 35729
2022-11-15 18:33:37 [restartedMain] INFO  o.s.b.w.e.tomcat.TomcatWebServer - Tomcat started on port(s): 8080 (http) with context path ''
2022-11-15 18:33:37 [restartedMain] INFO  c.deyaniragenao.AffordItApplication - Started AffordItApplication in 0.881 seconds (JVM running for 941.414)
2022-11-15 18:33:37 [restartedMain] INFO  o.s.b.d.a.ConditionEvaluationDeltaLoggingListener - Condition evaluation unchanged
2022-11-15 18:33:44 [http-nio-8080-exec-1] INFO  o.a.c.c.C.[Tomcat].[localhost].[/] - Initializing Spring DispatcherServlet 'dispatcherServlet'
2022-11-15 18:33:44 [http-nio-8080-exec-1] INFO  o.s.web.servlet.DispatcherServlet - Initializing Servlet 'dispatcherServlet'
2022-11-15 18:33:44 [http-nio-8080-exec-1] INFO  o.s.web.servlet.DispatcherServlet - Completed initialization in 2 ms
2022-11-15 18:35:11 [File Watcher] INFO  o.s.b.d.a.LocalDevToolsAutoConfiguration$RestartingClassPathChangeChangedEventListener - Restarting due to 2 class path changes (0 additions, 0 deletions, 2 modifications)
2022-11-15 18:35:11 [Thread-23] INFO  o.a.catalina.core.StandardService - Stopping service [Tomcat]
2022-11-15 18:35:11 [Thread-23] INFO  o.a.c.c.C.[Tomcat].[localhost].[/] - Destroying Spring FrameworkServlet 'dispatcherServlet'
2022-11-15 18:35:11 [Thread-23] INFO  o.s.o.j.LocalContainerEntityManagerFactoryBean - Closing JPA EntityManagerFactory for persistence unit 'default'
2022-11-15 18:35:11 [Thread-23] INFO  com.zaxxer.hikari.HikariDataSource - HikariPool-6 - Shutdown initiated...
2022-11-15 18:35:11 [Thread-23] INFO  com.zaxxer.hikari.HikariDataSource - HikariPool-6 - Shutdown completed.
2022-11-15 18:35:12 [restartedMain] INFO  c.deyaniragenao.AffordItApplication - Starting AffordItApplication using Java 17.0.3 on Deyanira-MBP.local with PID 39550 (/Users/deyaniragenao/development/spring-boot-workspace/AffordIt/target/classes started by deyaniragenao in /Users/deyaniragenao/development/spring-boot-workspace/AffordIt)
2022-11-15 18:35:12 [restartedMain] INFO  c.deyaniragenao.AffordItApplication - No active profile set, falling back to 1 default profile: "default"
2022-11-15 18:35:12 [restartedMain] INFO  o.s.d.r.c.RepositoryConfigurationDelegate - Bootstrapping Spring Data JPA repositories in DEFAULT mode.
2022-11-15 18:35:12 [restartedMain] INFO  o.s.d.r.c.RepositoryConfigurationDelegate - Finished Spring Data repository scanning in 13 ms. Found 6 JPA repository interfaces.
2022-11-15 18:35:12 [restartedMain] INFO  o.s.b.w.e.tomcat.TomcatWebServer - Tomcat initialized with port(s): 8080 (http)
2022-11-15 18:35:12 [restartedMain] INFO  o.a.catalina.core.StandardService - Starting service [Tomcat]
2022-11-15 18:35:12 [restartedMain] INFO  o.a.catalina.core.StandardEngine - Starting Servlet engine: [Apache Tomcat/9.0.65]
2022-11-15 18:35:12 [restartedMain] INFO  o.a.c.c.C.[Tomcat].[localhost].[/] - Initializing Spring embedded WebApplicationContext
2022-11-15 18:35:12 [restartedMain] INFO  o.s.b.w.s.c.ServletWebServerApplicationContext - Root WebApplicationContext: initialization completed in 287 ms
2022-11-15 18:35:12 [restartedMain] INFO  o.h.jpa.internal.util.LogHelper - HHH000204: Processing PersistenceUnitInfo [name: default]
2022-11-15 18:35:12 [restartedMain] INFO  com.zaxxer.hikari.HikariDataSource - HikariPool-7 - Starting...
2022-11-15 18:35:12 [restartedMain] INFO  com.zaxxer.hikari.HikariDataSource - HikariPool-7 - Start completed.
2022-11-15 18:35:12 [restartedMain] INFO  org.hibernate.dialect.Dialect - HHH000400: Using dialect: org.hibernate.dialect.MariaDBDialect
2022-11-15 18:35:12 [restartedMain] INFO  o.h.e.t.j.p.i.JtaPlatformInitiator - HHH000490: Using JtaPlatform implementation: [org.hibernate.engine.transaction.jta.platform.internal.NoJtaPlatform]
2022-11-15 18:35:12 [restartedMain] INFO  o.s.o.j.LocalContainerEntityManagerFactoryBean - Initialized JPA EntityManagerFactory for persistence unit 'default'
2022-11-15 18:35:12 [restartedMain] INFO  o.s.s.web.DefaultSecurityFilterChain - Will secure any request with [org.springframework.security.web.session.DisableEncodeUrlFilter@57f31498, org.springframework.security.web.context.request.async.WebAsyncManagerIntegrationFilter@5cc8c4fd, org.springframework.security.web.context.SecurityContextPersistenceFilter@41785521, org.springframework.security.web.header.HeaderWriterFilter@18e40739, org.springframework.security.web.authentication.logout.LogoutFilter@20697c60, org.springframework.security.web.authentication.UsernamePasswordAuthenticationFilter@2ba078e3, org.springframework.security.web.savedrequest.RequestCacheAwareFilter@1f91f46a, org.springframework.security.web.servletapi.SecurityContextHolderAwareRequestFilter@2774e56e, org.springframework.security.web.authentication.AnonymousAuthenticationFilter@236d9401, org.springframework.security.web.session.SessionManagementFilter@577a7635, org.springframework.security.web.access.ExceptionTranslationFilter@58c0deea, org.springframework.security.web.access.intercept.FilterSecurityInterceptor@565531f4]
2022-11-15 18:35:12 [restartedMain] WARN  o.s.b.a.o.j.JpaBaseConfiguration$JpaWebConfiguration - spring.jpa.open-in-view is enabled by default. Therefore, database queries may be performed during view rendering. Explicitly configure spring.jpa.open-in-view to disable this warning
2022-11-15 18:35:12 [restartedMain] INFO  o.s.b.a.w.s.WelcomePageHandlerMapping - Adding welcome page template: index
2022-11-15 18:35:12 [restartedMain] INFO  o.s.b.d.a.OptionalLiveReloadServer - LiveReload server is running on port 35729
2022-11-15 18:35:12 [restartedMain] INFO  o.s.b.w.e.tomcat.TomcatWebServer - Tomcat started on port(s): 8080 (http) with context path ''
2022-11-15 18:35:12 [restartedMain] INFO  c.deyaniragenao.AffordItApplication - Started AffordItApplication in 1.064 seconds (JVM running for 1036.875)
2022-11-15 18:35:12 [restartedMain] INFO  o.s.b.d.a.ConditionEvaluationDeltaLoggingListener - Condition evaluation unchanged
2022-11-15 18:35:13 [http-nio-8080-exec-1] INFO  o.a.c.c.C.[Tomcat].[localhost].[/] - Initializing Spring DispatcherServlet 'dispatcherServlet'
2022-11-15 18:35:13 [http-nio-8080-exec-1] INFO  o.s.web.servlet.DispatcherServlet - Initializing Servlet 'dispatcherServlet'
2022-11-15 18:35:13 [http-nio-8080-exec-1] INFO  o.s.web.servlet.DispatcherServlet - Completed initialization in 2 ms
2022-11-15 18:37:20 [File Watcher] INFO  o.s.b.d.a.LocalDevToolsAutoConfiguration$RestartingClassPathChangeChangedEventListener - Restarting due to 2 class path changes (0 additions, 0 deletions, 2 modifications)
2022-11-15 18:37:20 [Thread-27] INFO  o.a.catalina.core.StandardService - Stopping service [Tomcat]
2022-11-15 18:37:20 [Thread-27] INFO  o.a.c.c.C.[Tomcat].[localhost].[/] - Destroying Spring FrameworkServlet 'dispatcherServlet'
2022-11-15 18:37:20 [Thread-27] INFO  o.s.o.j.LocalContainerEntityManagerFactoryBean - Closing JPA EntityManagerFactory for persistence unit 'default'
2022-11-15 18:37:20 [Thread-27] INFO  com.zaxxer.hikari.HikariDataSource - HikariPool-7 - Shutdown initiated...
2022-11-15 18:37:20 [Thread-27] INFO  com.zaxxer.hikari.HikariDataSource - HikariPool-7 - Shutdown completed.
2022-11-15 18:37:20 [restartedMain] INFO  c.deyaniragenao.AffordItApplication - Starting AffordItApplication using Java 17.0.3 on Deyanira-MBP.local with PID 39550 (/Users/deyaniragenao/development/spring-boot-workspace/AffordIt/target/classes started by deyaniragenao in /Users/deyaniragenao/development/spring-boot-workspace/AffordIt)
2022-11-15 18:37:20 [restartedMain] INFO  c.deyaniragenao.AffordItApplication - No active profile set, falling back to 1 default profile: "default"
2022-11-15 18:37:21 [restartedMain] INFO  o.s.d.r.c.RepositoryConfigurationDelegate - Bootstrapping Spring Data JPA repositories in DEFAULT mode.
2022-11-15 18:37:21 [restartedMain] INFO  o.s.d.r.c.RepositoryConfigurationDelegate - Finished Spring Data repository scanning in 13 ms. Found 6 JPA repository interfaces.
2022-11-15 18:37:21 [restartedMain] INFO  o.s.b.w.e.tomcat.TomcatWebServer - Tomcat initialized with port(s): 8080 (http)
2022-11-15 18:37:21 [restartedMain] INFO  o.a.catalina.core.StandardService - Starting service [Tomcat]
2022-11-15 18:37:21 [restartedMain] INFO  o.a.catalina.core.StandardEngine - Starting Servlet engine: [Apache Tomcat/9.0.65]
2022-11-15 18:37:21 [restartedMain] INFO  o.a.c.c.C.[Tomcat].[localhost].[/] - Initializing Spring embedded WebApplicationContext
2022-11-15 18:37:21 [restartedMain] INFO  o.s.b.w.s.c.ServletWebServerApplicationContext - Root WebApplicationContext: initialization completed in 270 ms
2022-11-15 18:37:21 [restartedMain] INFO  o.h.jpa.internal.util.LogHelper - HHH000204: Processing PersistenceUnitInfo [name: default]
2022-11-15 18:37:21 [restartedMain] INFO  com.zaxxer.hikari.HikariDataSource - HikariPool-8 - Starting...
2022-11-15 18:37:21 [restartedMain] INFO  com.zaxxer.hikari.HikariDataSource - HikariPool-8 - Start completed.
2022-11-15 18:37:21 [restartedMain] INFO  org.hibernate.dialect.Dialect - HHH000400: Using dialect: org.hibernate.dialect.MariaDBDialect
2022-11-15 18:37:21 [restartedMain] INFO  o.h.e.t.j.p.i.JtaPlatformInitiator - HHH000490: Using JtaPlatform implementation: [org.hibernate.engine.transaction.jta.platform.internal.NoJtaPlatform]
2022-11-15 18:37:21 [restartedMain] INFO  o.s.o.j.LocalContainerEntityManagerFactoryBean - Initialized JPA EntityManagerFactory for persistence unit 'default'
2022-11-15 18:37:21 [restartedMain] INFO  o.s.s.web.DefaultSecurityFilterChain - Will secure any request with [org.springframework.security.web.session.DisableEncodeUrlFilter@761d4412, org.springframework.security.web.context.request.async.WebAsyncManagerIntegrationFilter@4189bf54, org.springframework.security.web.context.SecurityContextPersistenceFilter@3ee175ca, org.springframework.security.web.header.HeaderWriterFilter@6fefb3a0, org.springframework.security.web.authentication.logout.LogoutFilter@159d472a, org.springframework.security.web.authentication.UsernamePasswordAuthenticationFilter@2e34a2b7, org.springframework.security.web.savedrequest.RequestCacheAwareFilter@10fdb21c, org.springframework.security.web.servletapi.SecurityContextHolderAwareRequestFilter@21d6110, org.springframework.security.web.authentication.AnonymousAuthenticationFilter@79802be9, org.springframework.security.web.session.SessionManagementFilter@60d8401a, org.springframework.security.web.access.ExceptionTranslationFilter@2321b278, org.springframework.security.web.access.intercept.FilterSecurityInterceptor@7d18a521]
2022-11-15 18:37:21 [restartedMain] WARN  o.s.b.a.o.j.JpaBaseConfiguration$JpaWebConfiguration - spring.jpa.open-in-view is enabled by default. Therefore, database queries may be performed during view rendering. Explicitly configure spring.jpa.open-in-view to disable this warning
2022-11-15 18:37:21 [restartedMain] INFO  o.s.b.a.w.s.WelcomePageHandlerMapping - Adding welcome page template: index
2022-11-15 18:37:21 [restartedMain] INFO  o.s.b.d.a.OptionalLiveReloadServer - LiveReload server is running on port 35729
2022-11-15 18:37:21 [restartedMain] INFO  o.s.b.w.e.tomcat.TomcatWebServer - Tomcat started on port(s): 8080 (http) with context path ''
2022-11-15 18:37:21 [restartedMain] INFO  c.deyaniragenao.AffordItApplication - Started AffordItApplication in 0.956 seconds (JVM running for 1165.599)
2022-11-15 18:37:21 [restartedMain] INFO  o.s.b.d.a.ConditionEvaluationDeltaLoggingListener - Condition evaluation unchanged
2022-11-15 18:37:36 [http-nio-8080-exec-1] INFO  o.a.c.c.C.[Tomcat].[localhost].[/] - Initializing Spring DispatcherServlet 'dispatcherServlet'
2022-11-15 18:37:36 [http-nio-8080-exec-1] INFO  o.s.web.servlet.DispatcherServlet - Initializing Servlet 'dispatcherServlet'
2022-11-15 18:37:36 [http-nio-8080-exec-1] INFO  o.s.web.servlet.DispatcherServlet - Completed initialization in 1 ms
2022-11-15 18:40:51 [File Watcher] INFO  o.s.b.d.a.LocalDevToolsAutoConfiguration$RestartingClassPathChangeChangedEventListener - Restarting due to 2 class path changes (0 additions, 0 deletions, 2 modifications)
2022-11-15 18:40:51 [Thread-31] INFO  o.a.catalina.core.StandardService - Stopping service [Tomcat]
2022-11-15 18:40:51 [Thread-31] INFO  o.a.c.c.C.[Tomcat].[localhost].[/] - Destroying Spring FrameworkServlet 'dispatcherServlet'
2022-11-15 18:40:51 [Thread-31] INFO  o.s.o.j.LocalContainerEntityManagerFactoryBean - Closing JPA EntityManagerFactory for persistence unit 'default'
2022-11-15 18:40:51 [Thread-31] INFO  com.zaxxer.hikari.HikariDataSource - HikariPool-8 - Shutdown initiated...
2022-11-15 18:40:51 [Thread-31] INFO  com.zaxxer.hikari.HikariDataSource - HikariPool-8 - Shutdown completed.
2022-11-15 18:40:51 [restartedMain] INFO  c.deyaniragenao.AffordItApplication - Starting AffordItApplication using Java 17.0.3 on Deyanira-MBP.local with PID 39550 (/Users/deyaniragenao/development/spring-boot-workspace/AffordIt/target/classes started by deyaniragenao in /Users/deyaniragenao/development/spring-boot-workspace/AffordIt)
2022-11-15 18:40:51 [restartedMain] INFO  c.deyaniragenao.AffordItApplication - No active profile set, falling back to 1 default profile: "default"
2022-11-15 18:40:51 [restartedMain] INFO  o.s.d.r.c.RepositoryConfigurationDelegate - Bootstrapping Spring Data JPA repositories in DEFAULT mode.
2022-11-15 18:40:51 [restartedMain] INFO  o.s.d.r.c.RepositoryConfigurationDelegate - Finished Spring Data repository scanning in 14 ms. Found 6 JPA repository interfaces.
2022-11-15 18:40:51 [restartedMain] INFO  o.s.b.w.e.tomcat.TomcatWebServer - Tomcat initialized with port(s): 8080 (http)
2022-11-15 18:40:51 [restartedMain] INFO  o.a.catalina.core.StandardService - Starting service [Tomcat]
2022-11-15 18:40:51 [restartedMain] INFO  o.a.catalina.core.StandardEngine - Starting Servlet engine: [Apache Tomcat/9.0.65]
2022-11-15 18:40:51 [restartedMain] INFO  o.a.c.c.C.[Tomcat].[localhost].[/] - Initializing Spring embedded WebApplicationContext
2022-11-15 18:40:51 [restartedMain] INFO  o.s.b.w.s.c.ServletWebServerApplicationContext - Root WebApplicationContext: initialization completed in 292 ms
2022-11-15 18:40:51 [restartedMain] INFO  o.h.jpa.internal.util.LogHelper - HHH000204: Processing PersistenceUnitInfo [name: default]
2022-11-15 18:40:51 [restartedMain] INFO  com.zaxxer.hikari.HikariDataSource - HikariPool-9 - Starting...
2022-11-15 18:40:51 [restartedMain] INFO  com.zaxxer.hikari.HikariDataSource - HikariPool-9 - Start completed.
2022-11-15 18:40:51 [restartedMain] INFO  org.hibernate.dialect.Dialect - HHH000400: Using dialect: org.hibernate.dialect.MariaDBDialect
2022-11-15 18:40:51 [restartedMain] INFO  o.h.e.t.j.p.i.JtaPlatformInitiator - HHH000490: Using JtaPlatform implementation: [org.hibernate.engine.transaction.jta.platform.internal.NoJtaPlatform]
2022-11-15 18:40:51 [restartedMain] INFO  o.s.o.j.LocalContainerEntityManagerFactoryBean - Initialized JPA EntityManagerFactory for persistence unit 'default'
2022-11-15 18:40:52 [restartedMain] INFO  o.s.s.web.DefaultSecurityFilterChain - Will secure any request with [org.springframework.security.web.session.DisableEncodeUrlFilter@7529cb42, org.springframework.security.web.context.request.async.WebAsyncManagerIntegrationFilter@67fdbee, org.springframework.security.web.context.SecurityContextPersistenceFilter@1776479, org.springframework.security.web.header.HeaderWriterFilter@28f4613e, org.springframework.security.web.authentication.logout.LogoutFilter@32554893, org.springframework.security.web.authentication.UsernamePasswordAuthenticationFilter@5544b650, org.springframework.security.web.savedrequest.RequestCacheAwareFilter@3003fb13, org.springframework.security.web.servletapi.SecurityContextHolderAwareRequestFilter@3b7581bc, org.springframework.security.web.authentication.AnonymousAuthenticationFilter@10af560e, org.springframework.security.web.session.SessionManagementFilter@6feb92d9, org.springframework.security.web.access.ExceptionTranslationFilter@1c95aa1e, org.springframework.security.web.access.intercept.FilterSecurityInterceptor@5919ebe4]
2022-11-15 18:40:52 [restartedMain] WARN  o.s.b.a.o.j.JpaBaseConfiguration$JpaWebConfiguration - spring.jpa.open-in-view is enabled by default. Therefore, database queries may be performed during view rendering. Explicitly configure spring.jpa.open-in-view to disable this warning
2022-11-15 18:40:52 [restartedMain] INFO  o.s.b.a.w.s.WelcomePageHandlerMapping - Adding welcome page template: index
2022-11-15 18:40:52 [restartedMain] INFO  o.s.b.d.a.OptionalLiveReloadServer - LiveReload server is running on port 35729
2022-11-15 18:40:52 [restartedMain] INFO  o.s.b.w.e.tomcat.TomcatWebServer - Tomcat started on port(s): 8080 (http) with context path ''
2022-11-15 18:40:52 [restartedMain] INFO  c.deyaniragenao.AffordItApplication - Started AffordItApplication in 0.976 seconds (JVM running for 1376.218)
2022-11-15 18:40:52 [restartedMain] INFO  o.s.b.d.a.ConditionEvaluationDeltaLoggingListener - Condition evaluation unchanged
2022-11-15 18:40:58 [http-nio-8080-exec-1] INFO  o.a.c.c.C.[Tomcat].[localhost].[/] - Initializing Spring DispatcherServlet 'dispatcherServlet'
2022-11-15 18:40:58 [http-nio-8080-exec-1] INFO  o.s.web.servlet.DispatcherServlet - Initializing Servlet 'dispatcherServlet'
2022-11-15 18:40:58 [http-nio-8080-exec-1] INFO  o.s.web.servlet.DispatcherServlet - Completed initialization in 2 ms
2022-11-15 18:41:15 [RMI TCP Connection(27)-127.0.0.1] INFO  o.s.b.a.SpringApplicationAdminMXBeanRegistrar$SpringApplicationAdmin - Application shutdown requested.
2022-11-15 18:41:15 [RMI TCP Connection(27)-127.0.0.1] INFO  o.a.catalina.core.StandardService - Stopping service [Tomcat]
2022-11-15 18:41:15 [RMI TCP Connection(27)-127.0.0.1] INFO  o.a.c.c.C.[Tomcat].[localhost].[/] - Destroying Spring FrameworkServlet 'dispatcherServlet'
2022-11-15 18:41:15 [RMI TCP Connection(27)-127.0.0.1] INFO  o.s.o.j.LocalContainerEntityManagerFactoryBean - Closing JPA EntityManagerFactory for persistence unit 'default'
2022-11-15 18:41:15 [RMI TCP Connection(27)-127.0.0.1] INFO  com.zaxxer.hikari.HikariDataSource - HikariPool-9 - Shutdown initiated...
2022-11-15 18:41:15 [RMI TCP Connection(27)-127.0.0.1] INFO  com.zaxxer.hikari.HikariDataSource - HikariPool-9 - Shutdown completed.
2022-11-15 18:41:25 [restartedMain] INFO  c.deyaniragenao.AffordItApplication - Starting AffordItApplication using Java 17.0.3 on Deyanira-MBP.local with PID 39876 (/Users/deyaniragenao/development/spring-boot-workspace/AffordIt/target/classes started by deyaniragenao in /Users/deyaniragenao/development/spring-boot-workspace/AffordIt)
2022-11-15 18:41:25 [restartedMain] INFO  c.deyaniragenao.AffordItApplication - No active profile set, falling back to 1 default profile: "default"
2022-11-15 18:41:25 [restartedMain] INFO  o.s.b.d.e.DevToolsPropertyDefaultsPostProcessor - Devtools property defaults active! Set 'spring.devtools.add-properties' to 'false' to disable
2022-11-15 18:41:25 [restartedMain] INFO  o.s.b.d.e.DevToolsPropertyDefaultsPostProcessor - For additional web related logging consider setting the 'logging.level.web' property to 'DEBUG'
2022-11-15 18:41:26 [restartedMain] INFO  o.s.d.r.c.RepositoryConfigurationDelegate - Bootstrapping Spring Data JPA repositories in DEFAULT mode.
2022-11-15 18:41:26 [restartedMain] INFO  o.s.d.r.c.RepositoryConfigurationDelegate - Finished Spring Data repository scanning in 64 ms. Found 6 JPA repository interfaces.
2022-11-15 18:41:26 [restartedMain] INFO  o.s.b.w.e.tomcat.TomcatWebServer - Tomcat initialized with port(s): 8080 (http)
2022-11-15 18:41:26 [restartedMain] INFO  o.a.catalina.core.StandardService - Starting service [Tomcat]
2022-11-15 18:41:26 [restartedMain] INFO  o.a.catalina.core.StandardEngine - Starting Servlet engine: [Apache Tomcat/9.0.65]
2022-11-15 18:41:26 [restartedMain] INFO  o.a.c.c.C.[Tomcat].[localhost].[/] - Initializing Spring embedded WebApplicationContext
2022-11-15 18:41:26 [restartedMain] INFO  o.s.b.w.s.c.ServletWebServerApplicationContext - Root WebApplicationContext: initialization completed in 1660 ms
2022-11-15 18:41:27 [restartedMain] INFO  o.h.jpa.internal.util.LogHelper - HHH000204: Processing PersistenceUnitInfo [name: default]
2022-11-15 18:41:27 [restartedMain] INFO  org.hibernate.Version - HHH000412: Hibernate ORM core version 5.6.11.Final
2022-11-15 18:41:27 [restartedMain] INFO  o.h.annotations.common.Version - HCANN000001: Hibernate Commons Annotations {5.1.2.Final}
2022-11-15 18:41:27 [restartedMain] INFO  com.zaxxer.hikari.HikariDataSource - HikariPool-1 - Starting...
2022-11-15 18:41:27 [restartedMain] INFO  com.zaxxer.hikari.HikariDataSource - HikariPool-1 - Start completed.
2022-11-15 18:41:27 [restartedMain] INFO  org.hibernate.dialect.Dialect - HHH000400: Using dialect: org.hibernate.dialect.MariaDBDialect
2022-11-15 18:41:27 [restartedMain] WARN  org.hibernate.id.UUIDHexGenerator - HHH000409: Using org.hibernate.id.UUIDHexGenerator which does not generate IETF RFC 4122 compliant UUID values; consider using org.hibernate.id.UUIDGenerator instead
2022-11-15 18:41:28 [restartedMain] INFO  o.h.e.t.j.p.i.JtaPlatformInitiator - HHH000490: Using JtaPlatform implementation: [org.hibernate.engine.transaction.jta.platform.internal.NoJtaPlatform]
2022-11-15 18:41:28 [restartedMain] INFO  o.s.o.j.LocalContainerEntityManagerFactoryBean - Initialized JPA EntityManagerFactory for persistence unit 'default'
2022-11-15 18:41:29 [restartedMain] INFO  o.s.s.web.DefaultSecurityFilterChain - Will secure any request with [org.springframework.security.web.session.DisableEncodeUrlFilter@4be26aa6, org.springframework.security.web.context.request.async.WebAsyncManagerIntegrationFilter@5a30e6b3, org.springframework.security.web.context.SecurityContextPersistenceFilter@2c1462f2, org.springframework.security.web.header.HeaderWriterFilter@21568e1, org.springframework.security.web.authentication.logout.LogoutFilter@609f69c4, org.springframework.security.web.authentication.UsernamePasswordAuthenticationFilter@65379c9b, org.springframework.security.web.savedrequest.RequestCacheAwareFilter@69fe49fa, org.springframework.security.web.servletapi.SecurityContextHolderAwareRequestFilter@66f2b5c5, org.springframework.security.web.authentication.AnonymousAuthenticationFilter@1741cbf1, org.springframework.security.web.session.SessionManagementFilter@2cd369ba, org.springframework.security.web.access.ExceptionTranslationFilter@7af90cb9, org.springframework.security.web.access.intercept.FilterSecurityInterceptor@6fa16deb]
2022-11-15 18:41:29 [restartedMain] WARN  o.s.b.a.o.j.JpaBaseConfiguration$JpaWebConfiguration - spring.jpa.open-in-view is enabled by default. Therefore, database queries may be performed during view rendering. Explicitly configure spring.jpa.open-in-view to disable this warning
2022-11-15 18:41:30 [restartedMain] INFO  o.s.b.a.w.s.WelcomePageHandlerMapping - Adding welcome page template: index
2022-11-15 18:41:30 [restartedMain] INFO  o.s.b.d.a.OptionalLiveReloadServer - LiveReload server is running on port 35729
2022-11-15 18:41:30 [restartedMain] INFO  o.s.b.w.e.tomcat.TomcatWebServer - Tomcat started on port(s): 8080 (http) with context path ''
2022-11-15 18:41:30 [restartedMain] INFO  c.deyaniragenao.AffordItApplication - Started AffordItApplication in 5.668 seconds (JVM running for 6.453)
2022-11-15 18:41:40 [http-nio-8080-exec-1] INFO  o.a.c.c.C.[Tomcat].[localhost].[/] - Initializing Spring DispatcherServlet 'dispatcherServlet'
2022-11-15 18:41:40 [http-nio-8080-exec-1] INFO  o.s.web.servlet.DispatcherServlet - Initializing Servlet 'dispatcherServlet'
2022-11-15 18:41:40 [http-nio-8080-exec-1] INFO  o.s.web.servlet.DispatcherServlet - Completed initialization in 1 ms
2022-11-15 18:46:39 [File Watcher] INFO  o.s.b.d.a.LocalDevToolsAutoConfiguration$RestartingClassPathChangeChangedEventListener - Restarting due to 2 class path changes (0 additions, 0 deletions, 2 modifications)
2022-11-15 18:46:39 [Thread-5] INFO  o.a.catalina.core.StandardService - Stopping service [Tomcat]
2022-11-15 18:46:39 [Thread-5] INFO  o.a.c.c.C.[Tomcat].[localhost].[/] - Destroying Spring FrameworkServlet 'dispatcherServlet'
2022-11-15 18:46:39 [Thread-5] INFO  o.s.o.j.LocalContainerEntityManagerFactoryBean - Closing JPA EntityManagerFactory for persistence unit 'default'
2022-11-15 18:46:39 [Thread-5] INFO  com.zaxxer.hikari.HikariDataSource - HikariPool-1 - Shutdown initiated...
2022-11-15 18:46:39 [Thread-5] INFO  com.zaxxer.hikari.HikariDataSource - HikariPool-1 - Shutdown completed.
2022-11-15 18:46:40 [restartedMain] INFO  c.deyaniragenao.AffordItApplication - Starting AffordItApplication using Java 17.0.3 on Deyanira-MBP.local with PID 39876 (/Users/deyaniragenao/development/spring-boot-workspace/AffordIt/target/classes started by deyaniragenao in /Users/deyaniragenao/development/spring-boot-workspace/AffordIt)
2022-11-15 18:46:40 [restartedMain] INFO  c.deyaniragenao.AffordItApplication - No active profile set, falling back to 1 default profile: "default"
2022-11-15 18:46:40 [restartedMain] INFO  o.s.d.r.c.RepositoryConfigurationDelegate - Bootstrapping Spring Data JPA repositories in DEFAULT mode.
2022-11-15 18:46:40 [restartedMain] INFO  o.s.d.r.c.RepositoryConfigurationDelegate - Finished Spring Data repository scanning in 20 ms. Found 6 JPA repository interfaces.
2022-11-15 18:46:40 [restartedMain] INFO  o.s.b.w.e.tomcat.TomcatWebServer - Tomcat initialized with port(s): 8080 (http)
2022-11-15 18:46:40 [restartedMain] INFO  o.a.catalina.core.StandardService - Starting service [Tomcat]
2022-11-15 18:46:40 [restartedMain] INFO  o.a.catalina.core.StandardEngine - Starting Servlet engine: [Apache Tomcat/9.0.65]
2022-11-15 18:46:40 [restartedMain] INFO  o.a.c.c.C.[Tomcat].[localhost].[/] - Initializing Spring embedded WebApplicationContext
2022-11-15 18:46:40 [restartedMain] INFO  o.s.b.w.s.c.ServletWebServerApplicationContext - Root WebApplicationContext: initialization completed in 429 ms
2022-11-15 18:46:40 [restartedMain] INFO  o.h.jpa.internal.util.LogHelper - HHH000204: Processing PersistenceUnitInfo [name: default]
2022-11-15 18:46:40 [restartedMain] INFO  com.zaxxer.hikari.HikariDataSource - HikariPool-2 - Starting...
2022-11-15 18:46:40 [restartedMain] INFO  com.zaxxer.hikari.HikariDataSource - HikariPool-2 - Start completed.
2022-11-15 18:46:40 [restartedMain] INFO  org.hibernate.dialect.Dialect - HHH000400: Using dialect: org.hibernate.dialect.MariaDBDialect
2022-11-15 18:46:41 [restartedMain] INFO  o.h.e.t.j.p.i.JtaPlatformInitiator - HHH000490: Using JtaPlatform implementation: [org.hibernate.engine.transaction.jta.platform.internal.NoJtaPlatform]
2022-11-15 18:46:41 [restartedMain] INFO  o.s.o.j.LocalContainerEntityManagerFactoryBean - Initialized JPA EntityManagerFactory for persistence unit 'default'
2022-11-15 18:46:41 [restartedMain] INFO  o.s.s.web.DefaultSecurityFilterChain - Will secure any request with [org.springframework.security.web.session.DisableEncodeUrlFilter@7bf9f254, org.springframework.security.web.context.request.async.WebAsyncManagerIntegrationFilter@367cdc51, org.springframework.security.web.context.SecurityContextPersistenceFilter@551eab9e, org.springframework.security.web.header.HeaderWriterFilter@1fcbf554, org.springframework.security.web.authentication.logout.LogoutFilter@56392459, org.springframework.security.web.authentication.UsernamePasswordAuthenticationFilter@76cad628, org.springframework.security.web.savedrequest.RequestCacheAwareFilter@65cc5c8d, org.springframework.security.web.servletapi.SecurityContextHolderAwareRequestFilter@256d6435, org.springframework.security.web.authentication.AnonymousAuthenticationFilter@45beec3f, org.springframework.security.web.session.SessionManagementFilter@4412eef9, org.springframework.security.web.access.ExceptionTranslationFilter@4bdf67af, org.springframework.security.web.access.intercept.FilterSecurityInterceptor@128c37a6]
2022-11-15 18:46:41 [restartedMain] WARN  o.s.b.a.o.j.JpaBaseConfiguration$JpaWebConfiguration - spring.jpa.open-in-view is enabled by default. Therefore, database queries may be performed during view rendering. Explicitly configure spring.jpa.open-in-view to disable this warning
2022-11-15 18:46:41 [restartedMain] INFO  o.s.b.a.w.s.WelcomePageHandlerMapping - Adding welcome page template: index
2022-11-15 18:46:41 [restartedMain] INFO  o.s.b.d.a.OptionalLiveReloadServer - LiveReload server is running on port 35729
2022-11-15 18:46:41 [restartedMain] INFO  o.s.b.w.e.tomcat.TomcatWebServer - Tomcat started on port(s): 8080 (http) with context path ''
2022-11-15 18:46:41 [restartedMain] INFO  c.deyaniragenao.AffordItApplication - Started AffordItApplication in 1.364 seconds (JVM running for 317.423)
2022-11-15 18:46:41 [restartedMain] INFO  o.s.b.d.a.ConditionEvaluationDeltaLoggingListener - Condition evaluation unchanged
2022-11-15 18:46:46 [http-nio-8080-exec-1] INFO  o.a.c.c.C.[Tomcat].[localhost].[/] - Initializing Spring DispatcherServlet 'dispatcherServlet'
2022-11-15 18:46:46 [http-nio-8080-exec-1] INFO  o.s.web.servlet.DispatcherServlet - Initializing Servlet 'dispatcherServlet'
2022-11-15 18:46:46 [http-nio-8080-exec-1] INFO  o.s.web.servlet.DispatcherServlet - Completed initialization in 1 ms
2022-11-15 18:46:46 [http-nio-8080-exec-1] INFO  c.d.controller.UserController - [Account [id=ff808081847d95cf01847d9f1f590000, name=Boys Trip, description=Planning for the upcoming boys trip in Jan 2023, dateCreated=2022-11-15T18:28:11, dateLastUpdated=null], Account [id=ff808081847869d60184786bcb2f0001, name=Family, description=Tracking home budget with family , dateCreated=2022-11-14T18:14:01, dateLastUpdated=null]]
2022-11-15 18:46:46 [http-nio-8080-exec-1] INFO  c.d.controller.UserController - Boys Trip
2022-11-15 18:46:52 [http-nio-8080-exec-5] INFO  c.d.controller.UserController - ff808081847869d60184786bcb2f0001
2022-11-15 18:46:52 [http-nio-8080-exec-6] INFO  c.d.controller.UserController - [Account [id=ff808081847d95cf01847d9f1f590000, name=Boys Trip, description=Planning for the upcoming boys trip in Jan 2023, dateCreated=2022-11-15T18:28:11, dateLastUpdated=null], Account [id=ff808081847869d60184786bcb2f0001, name=Family, description=Tracking home budget with family , dateCreated=2022-11-14T18:14:01, dateLastUpdated=null]]
2022-11-15 18:46:52 [http-nio-8080-exec-6] INFO  c.d.controller.UserController - Family
2022-11-15 18:49:30 [http-nio-8080-exec-3] INFO  c.d.controller.UserController - [Account [id=ff808081847d95cf01847d9f1f590000, name=Boys Trip, description=Planning for the upcoming boys trip in Jan 2023, dateCreated=2022-11-15T18:28:11, dateLastUpdated=null], Account [id=ff808081847869d60184786bcb2f0001, name=Family, description=Tracking home budget with family , dateCreated=2022-11-14T18:14:01, dateLastUpdated=null]]
2022-11-15 18:49:30 [http-nio-8080-exec-3] INFO  c.d.controller.UserController - Family
2022-11-15 18:49:52 [http-nio-8080-exec-7] INFO  c.d.controller.UserController - [Account [id=ff808081847d95cf01847d9f1f590000, name=Boys Trip, description=Planning for the upcoming boys trip in Jan 2023, dateCreated=2022-11-15T18:28:11, dateLastUpdated=null], Account [id=ff808081847869d60184786bcb2f0001, name=Family, description=Tracking home budget with family , dateCreated=2022-11-14T18:14:01, dateLastUpdated=null]]
2022-11-15 18:49:52 [http-nio-8080-exec-7] INFO  c.d.controller.UserController - Family
2022-11-15 18:50:04 [http-nio-8080-exec-1] INFO  c.d.controller.UserController - ff808081847d95cf01847d9f1f590000
2022-11-15 18:50:04 [http-nio-8080-exec-4] INFO  c.d.controller.UserController - [Account [id=ff808081847d95cf01847d9f1f590000, name=Boys Trip, description=Planning for the upcoming boys trip in Jan 2023, dateCreated=2022-11-15T18:28:11, dateLastUpdated=null], Account [id=ff808081847869d60184786bcb2f0001, name=Family, description=Tracking home budget with family , dateCreated=2022-11-14T18:14:01, dateLastUpdated=null]]
2022-11-15 18:50:04 [http-nio-8080-exec-4] INFO  c.d.controller.UserController - Boys Trip
2022-11-15 18:50:27 [File Watcher] INFO  o.s.b.d.a.LocalDevToolsAutoConfiguration$RestartingClassPathChangeChangedEventListener - Restarting due to 2 class path changes (0 additions, 0 deletions, 2 modifications)
2022-11-15 18:50:27 [Thread-7] INFO  o.a.catalina.core.StandardService - Stopping service [Tomcat]
2022-11-15 18:50:27 [Thread-7] INFO  o.a.c.c.C.[Tomcat].[localhost].[/] - Destroying Spring FrameworkServlet 'dispatcherServlet'
2022-11-15 18:50:27 [Thread-7] INFO  o.s.o.j.LocalContainerEntityManagerFactoryBean - Closing JPA EntityManagerFactory for persistence unit 'default'
2022-11-15 18:50:27 [Thread-7] INFO  com.zaxxer.hikari.HikariDataSource - HikariPool-2 - Shutdown initiated...
2022-11-15 18:50:27 [Thread-7] INFO  com.zaxxer.hikari.HikariDataSource - HikariPool-2 - Shutdown completed.
2022-11-15 18:50:27 [restartedMain] INFO  c.deyaniragenao.AffordItApplication - Starting AffordItApplication using Java 17.0.3 on Deyanira-MBP.local with PID 39876 (/Users/deyaniragenao/development/spring-boot-workspace/AffordIt/target/classes started by deyaniragenao in /Users/deyaniragenao/development/spring-boot-workspace/AffordIt)
2022-11-15 18:50:27 [restartedMain] INFO  c.deyaniragenao.AffordItApplication - No active profile set, falling back to 1 default profile: "default"
2022-11-15 18:50:28 [restartedMain] INFO  o.s.d.r.c.RepositoryConfigurationDelegate - Bootstrapping Spring Data JPA repositories in DEFAULT mode.
2022-11-15 18:50:28 [restartedMain] INFO  o.s.d.r.c.RepositoryConfigurationDelegate - Finished Spring Data repository scanning in 20 ms. Found 6 JPA repository interfaces.
2022-11-15 18:50:28 [restartedMain] INFO  o.s.b.w.e.tomcat.TomcatWebServer - Tomcat initialized with port(s): 8080 (http)
2022-11-15 18:50:28 [restartedMain] INFO  o.a.catalina.core.StandardService - Starting service [Tomcat]
2022-11-15 18:50:28 [restartedMain] INFO  o.a.catalina.core.StandardEngine - Starting Servlet engine: [Apache Tomcat/9.0.65]
2022-11-15 18:50:28 [restartedMain] INFO  o.a.c.c.C.[Tomcat].[localhost].[/] - Initializing Spring embedded WebApplicationContext
2022-11-15 18:50:28 [restartedMain] INFO  o.s.b.w.s.c.ServletWebServerApplicationContext - Root WebApplicationContext: initialization completed in 406 ms
2022-11-15 18:50:28 [restartedMain] INFO  o.h.jpa.internal.util.LogHelper - HHH000204: Processing PersistenceUnitInfo [name: default]
2022-11-15 18:50:28 [restartedMain] INFO  com.zaxxer.hikari.HikariDataSource - HikariPool-3 - Starting...
2022-11-15 18:50:28 [restartedMain] INFO  com.zaxxer.hikari.HikariDataSource - HikariPool-3 - Start completed.
2022-11-15 18:50:28 [restartedMain] INFO  org.hibernate.dialect.Dialect - HHH000400: Using dialect: org.hibernate.dialect.MariaDBDialect
2022-11-15 18:50:28 [restartedMain] INFO  o.h.e.t.j.p.i.JtaPlatformInitiator - HHH000490: Using JtaPlatform implementation: [org.hibernate.engine.transaction.jta.platform.internal.NoJtaPlatform]
2022-11-15 18:50:28 [restartedMain] INFO  o.s.o.j.LocalContainerEntityManagerFactoryBean - Initialized JPA EntityManagerFactory for persistence unit 'default'
2022-11-15 18:50:28 [restartedMain] INFO  o.s.s.web.DefaultSecurityFilterChain - Will secure any request with [org.springframework.security.web.session.DisableEncodeUrlFilter@348eabb8, org.springframework.security.web.context.request.async.WebAsyncManagerIntegrationFilter@1c2d9680, org.springframework.security.web.context.SecurityContextPersistenceFilter@31c17aa2, org.springframework.security.web.header.HeaderWriterFilter@3fbf6e78, org.springframework.security.web.authentication.logout.LogoutFilter@7acdefe1, org.springframework.security.web.authentication.UsernamePasswordAuthenticationFilter@f21bf10, org.springframework.security.web.savedrequest.RequestCacheAwareFilter@52fb927c, org.springframework.security.web.servletapi.SecurityContextHolderAwareRequestFilter@16f3eaf5, org.springframework.security.web.authentication.AnonymousAuthenticationFilter@6056f431, org.springframework.security.web.session.SessionManagementFilter@2d3f6f29, org.springframework.security.web.access.ExceptionTranslationFilter@7e23af41, org.springframework.security.web.access.intercept.FilterSecurityInterceptor@57356642]
2022-11-15 18:50:28 [restartedMain] WARN  o.s.b.a.o.j.JpaBaseConfiguration$JpaWebConfiguration - spring.jpa.open-in-view is enabled by default. Therefore, database queries may be performed during view rendering. Explicitly configure spring.jpa.open-in-view to disable this warning
2022-11-15 18:50:28 [restartedMain] INFO  o.s.b.a.w.s.WelcomePageHandlerMapping - Adding welcome page template: index
2022-11-15 18:50:28 [restartedMain] INFO  o.s.b.d.a.OptionalLiveReloadServer - LiveReload server is running on port 35729
2022-11-15 18:50:28 [restartedMain] INFO  o.s.b.w.e.tomcat.TomcatWebServer - Tomcat started on port(s): 8080 (http) with context path ''
2022-11-15 18:50:28 [restartedMain] INFO  c.deyaniragenao.AffordItApplication - Started AffordItApplication in 1.32 seconds (JVM running for 544.704)
2022-11-15 18:50:28 [restartedMain] INFO  o.s.b.d.a.ConditionEvaluationDeltaLoggingListener - Condition evaluation unchanged
2022-11-15 18:50:30 [RMI TCP Connection(11)-127.0.0.1] INFO  o.s.b.a.SpringApplicationAdminMXBeanRegistrar$SpringApplicationAdmin - Application shutdown requested.
2022-11-15 18:50:30 [RMI TCP Connection(11)-127.0.0.1] INFO  o.a.catalina.core.StandardService - Stopping service [Tomcat]
2022-11-15 18:50:30 [RMI TCP Connection(11)-127.0.0.1] INFO  o.s.o.j.LocalContainerEntityManagerFactoryBean - Closing JPA EntityManagerFactory for persistence unit 'default'
2022-11-15 18:50:30 [RMI TCP Connection(11)-127.0.0.1] INFO  com.zaxxer.hikari.HikariDataSource - HikariPool-3 - Shutdown initiated...
2022-11-15 18:50:30 [RMI TCP Connection(11)-127.0.0.1] INFO  com.zaxxer.hikari.HikariDataSource - HikariPool-3 - Shutdown completed.
